
  -1.35669 
  -2.77545 
  -2.55766 
  -0.35950 
   1.65708 
   3.39442 
   2.53702 
   0.97322 
   2.62826 
   3.90828 
   5.95450 
   5.66152 
   3.49068 
   2.83715 
   1.96648 
  -0.66200 
  -1.93207 
  -2.01320 
  -1.82583 
  -1.15816 
  -0.44857 
   0.62655 
   0.82775 
   1.56789 
   1.56363 
   0.96775 
   1.40781 
   2.72472 
   2.55936 
   2.04567 
   0.60513 
  -0.27032 
  -0.93896 
  -1.77290 
  -0.99412 
  -1.15947 
  -1.70643 
  -0.89568 
   0.28303 
   0.95711 
   0.56752 
  -1.17424 
  -0.58279 
   1.54411 
   1.04502 
   0.31896 
   0.76262 
   0.89833 
   1.23698 
   2.82592 
   5.62620 
   7.67782 
   8.14524 
   6.65257 
   4.14484 
   1.62529 
  -0.26557 
   0.03346 
   0.15672 
   0.65942 
   0.70346 
   0.77436 
   0.78847 
   0.58010 
   0.83247 
   2.44791 
   4.79006 
   7.37877 
   8.32382 
   5.96489 
   2.49244 
   0.04659 
  -2.49368 
  -4.29986 
  -4.54796 
  -5.77638 
  -4.07338 
  -0.99763 
  -0.97979 
  -1.45731 
  -1.91491 
  -2.47798 
  -2.98485 
  -3.23766 
  -3.19617 
  -1.90226 
  -2.13002 
  -2.48940 
  -1.47948 
  -2.13859 
  -0.95166 
   0.85573 
  -1.26033 
  -3.81873 
  -3.89880 
  -4.64728 
  -5.80668 
  -5.08126 
  -3.96620 
  -0.70107 
   2.65417 
   4.22975 
   2.85333 
   1.66021 
   3.44644 
   3.71985 
   2.10702 
   0.64335 
   0.89933 
   1.71077 
   0.53637 
  -0.69884 
  -0.70926 
   0.57570 
   1.65072 
   1.14991 
   0.98902 
   3.97139 
   5.50923 
   2.79335 
   2.32754 
   1.96537 
  -0.17149 
  -1.61405 
  -0.21902 
   1.23124 
   1.76926 
   3.05784 
   2.60665 
   1.75248 
   0.15144 
  -2.23847 
  -2.88981 
  -3.24863 
  -2.95006 
  -2.71634 
  -4.08700 
  -3.67726 
  -2.26264 
  -1.73087 
  -2.90757 
  -2.31360 
  -0.96089 
  -1.57578 
  -2.36750 
  -3.13933 
  -5.24261 
  -7.50390 
  -8.76844 
  -8.33626 
  -5.09031 
  -3.61542 
  -4.71651 
  -6.21879 
  -7.46562 
  -6.77856 
  -6.40917 
  -4.42864 
  -2.00271 
  -2.88481 
  -3.54573 
  -4.09399 
  -5.12333 
  -3.08035 
  -0.05759 
   1.77864 
   2.97478 
   3.65526 
   2.76935 
   1.89292 
   1.87762 
   0.21020 
  -2.00397 
  -3.52253 
  -4.92479 
  -3.61717 
  -1.75996 
  -1.37527 
  -0.44470 
   0.65991 
  -1.66273 
  -4.84207 
  -4.24150 
  -3.58907 
  -3.77082 
  -2.22057 
   1.28891 
   1.73487 
   0.73988 
   0.10459 
  -1.84168 
  -1.28565 
  -0.51760 
  -1.06748 
  -1.63198 
  -2.54807 
  -4.02971 
  -5.24119 
  -4.93118 
  -4.78837 
  -4.28112 
  -3.52776 
  -2.29081 
  -1.02763 
  -0.76231 
   0.57654 
   0.82587 
  -0.04949 
   0.70337 
   1.64847 
   2.54703 
   2.15622 
  -0.02727 
   1.11826 
   0.69201 
  -1.51104 
  -0.01650 
   0.72838 
  -0.52703 
  -0.18805 
   0.29203 
   1.29928 
   2.18554 
   1.53867 
  -0.55031 
   0.01659 
   3.44056 
   3.63250 
   2.30716 
   1.78698 
   2.87962 
   3.25859 
   3.83365 
   2.25340 
   0.90467 
   2.41163 
   3.45686 
   3.70951 
   4.93917 
   5.82767 
   6.92520 
   6.26787 
   4.96937 
   4.40749 
   2.22706 
  -1.01129 
  -2.39089 
  -1.44200 
  -1.43133 
  -1.49392 
