
  16.52160 
  21.34844 
  26.30327 
  17.60569 
  14.82644 
  18.45229 
  19.12525 
  17.49803 
  17.98763 
  16.79001 
  18.62876 
  19.65775 
  17.85709 
  20.69544 
  17.59013 
  11.33904 
  15.19573 
  20.70238 
  24.96495 
  24.61879 
  19.43697 
  17.04829 
  15.33033 
  14.93008 
  25.28119 
  25.48457 
  21.73673 
  23.18589 
  22.34852 
  24.36842 
  16.36801 
  12.87414 
  15.67186 
  11.91759 
  18.46773 
  18.68690 
  16.05698 
  17.90367 
  18.03999 
  18.94960 
  17.32500 
  17.08766 
  23.13488 
  22.57836 
  11.04333 
  17.77746 
  22.23438 
  18.35957 
  21.85761 
  20.16727 
  16.47889 
  22.73652 
  19.50395 
  18.26934 
  26.77739 
  27.77176 
  20.44370 
  16.84421 
  16.85850 
  12.07594 
  13.41026 
  20.27093 
  16.89928 
  17.76623 
  18.29377 
   6.75095 
   2.16044 
   6.66935 
  18.87863 
  25.23538 
  20.29073 
  18.26634 
  23.83305 
  21.29286 
  19.87885 
  24.84133 
  25.69359 
  23.83760 
  22.80485 
  25.36616 
  15.76071 
   8.20564 
  17.71035 
  17.77988 
  15.67853 
  13.22996 
  13.82796 
  21.95363 
  22.98261 
  18.47847 
  15.92572 
  14.60222 
  22.84749 
  19.74588 
  13.40644 
  17.99277 
  17.12145 
  13.52691 
  13.52952 
  12.21616 
  17.51315 
  18.30127 
  13.39301 
   9.47114 
  15.47137 
  21.72212 
  24.26434 
  22.05945 
  14.30078 
  20.47720 
  24.42584 
  17.71719 
  14.52921 
  11.66261 
  10.74923 
  17.65379 
  18.40427 
  15.52096 
  19.81393 
  18.40234 
  17.85472 
  17.96308 
  19.72889 
  20.39180 
  11.94761 
  14.07441 
  17.12632 
  16.60377 
  21.33803 
  14.78653 
  13.84488 
  13.31255 
  13.35245 
  21.19316 
  23.98406 
  24.21941 
  16.19458 
  15.41802 
  15.87616 
  12.73736 
  19.62844 
  19.94132 
  22.09899 
  18.03566 
  22.22624 
  21.15772 
  11.98946 
  12.78983 
  18.43944 
  29.16157 
  24.42187 
  16.85382 
  18.42978 
  19.89626 
  22.42935 
  21.75027 
  23.03735 
  21.14220 
  18.92918 
  26.60334 
  24.02753 
  23.58962 
  21.84917 
  15.63255 
  12.95589 
   9.65066 
  13.15379 
  15.88679 
  13.12332 
  17.17504 
  22.28940 
  18.03552 
  17.62696 
  19.68716 
  19.88234 
  21.56948 
  15.59635 
  12.25137 
  20.39895 
  16.81377 
  15.90901 
  21.52492 
  13.70713 
  17.51063 
  22.91748 
  20.48710 
  24.62559 
  26.43386 
  25.27147 
  17.97872 
  16.48097 
  27.07812 
  29.58571 
  15.62629 
  14.78776 
  20.02701 
  19.82109 
  16.23209 
  18.80172 
  21.78829 
